#
# There is insufficient memory for the Java Runtime Environment to continue.
# Native memory allocation (malloc) failed to allocate 801136 bytes for Chunk::new
# Possible reasons:
#   The system is out of physical RAM or swap space
#   The process is running with CompressedOops enabled, and the Java Heap may be blocking the growth of the native heap
# Possible solutions:
#   Reduce memory load on the system
#   Increase physical memory or swap space
#   Check if swap backing store is full
#   Decrease Java heap size (-Xmx/-Xms)
#   Decrease number of Java threads
#   Decrease Java thread stack sizes (-Xss)
#   Set larger code cache with -XX:ReservedCodeCacheSize=
#   JVM is running with Unscaled Compressed Oops mode in which the Java heap is
#     placed in the first 4GB address space. The Java Heap base address is the
#     maximum limit for the native heap growth. Please use -XX:HeapBaseMinAddress
#     to set the Java Heap base and to place the Java Heap above 4GB virtual address.
# This output file may be truncated or incomplete.
#
#  Out of Memory Error (./src/hotspot/share/memory/arena.cpp:197), pid=10820, tid=12036
#
# JRE version: OpenJDK Runtime Environment Temurin-11.0.15+10 (11.0.15+10) (build 11.0.15+10)
# Java VM: OpenJDK 64-Bit Server VM Temurin-11.0.15+10 (11.0.15+10, mixed mode, tiered, compressed oops, g1 gc, windows-amd64)
# No core dump will be written. Minidumps are not enabled by default on client versions of Windows
#

---------------  S U M M A R Y ------------

Command Line: -Xmx64m -Xms64m -Dorg.gradle.appname=gradlew org.gradle.wrapper.GradleWrapperMain app:installDebug -PreactNativeDevServerPort=8081

Host: Intel(R) Core(TM) i5-4590 CPU @ 3.30GHz, 4 cores, 7G,  Windows 10 , 64 bit Build 19041 (10.0.19041.1023)
Time: Wed Jun  8 11:50:59 2022  Windows 10 , 64 bit Build 19041 (10.0.19041.1023) elapsed time: 1.180903 seconds (0d 0h 0m 1s)

---------------  T H R E A D  ---------------

Current thread (0x0000029ecf10d000):  JavaThread "C2 CompilerThread1" daemon [_thread_in_native, id=12036, stack(0x000000cb28c00000,0x000000cb28d00000)]


Current CompileTask:
C2:   1180  683       4       java.util.HashSet::add (20 bytes)

Stack: [0x000000cb28c00000,0x000000cb28d00000]
Native frames: (J=compiled Java code, j=interpreted, Vv=VM code, C=native code)
V  [jvm.dll+0x61e72a]
V  [jvm.dll+0x7aae49]
V  [jvm.dll+0x7ac538]
V  [jvm.dll+0x7acc13]
V  [jvm.dll+0x24fb28]
V  [jvm.dll+0xc262c]
V  [jvm.dll+0xc2bec]
V  [jvm.dll+0x359b17]
V  [jvm.dll+0x325ca3]
V  [jvm.dll+0x324fda]
V  [jvm.dll+0x208d75]
V  [jvm.dll+0x207f5d]
V  [jvm.dll+0x18a361]
V  [jvm.dll+0x2178a4]
V  [jvm.dll+0x215aeb]
V  [jvm.dll+0x76d950]
V  [jvm.dll+0x7668b4]
V  [jvm.dll+0x61d586]
C  [ucrtbase.dll+0x21bb2]
C  [KERNEL32.DLL+0x17034]
C  [ntdll.dll+0x52651]


---------------  P R O C E S S  ---------------

Threads class SMR info:
_java_thread_list=0x0000029ececc7f00, length=11, elements={
0x0000029eb23a5000, 0x0000029ece8cd800, 0x0000029ece8ce000, 0x0000029ece93f000,
0x0000029ece940800, 0x0000029ece941800, 0x0000029ece944800, 0x0000029ece948000,
0x0000029ecea2d800, 0x0000029eceb32000, 0x0000029ecf10d000
}

Java Threads: ( => current thread )
  0x0000029eb23a5000 JavaThread "main" [_thread_in_vm, id=11748, stack(0x000000cb27b00000,0x000000cb27c00000)]
  0x0000029ece8cd800 JavaThread "Reference Handler" daemon [_thread_blocked, id=10068, stack(0x000000cb28200000,0x000000cb28300000)]
  0x0000029ece8ce000 JavaThread "Finalizer" daemon [_thread_blocked, id=304, stack(0x000000cb28300000,0x000000cb28400000)]
  0x0000029ece93f000 JavaThread "Signal Dispatcher" daemon [_thread_blocked, id=800, stack(0x000000cb28400000,0x000000cb28500000)]
  0x0000029ece940800 JavaThread "Attach Listener" daemon [_thread_blocked, id=7912, stack(0x000000cb28500000,0x000000cb28600000)]
  0x0000029ece941800 JavaThread "Service Thread" daemon [_thread_blocked, id=780, stack(0x000000cb28600000,0x000000cb28700000)]
  0x0000029ece944800 JavaThread "C2 CompilerThread0" daemon [_thread_in_native, id=10272, stack(0x000000cb28700000,0x000000cb28800000)]
  0x0000029ece948000 JavaThread "C1 CompilerThread0" daemon [_thread_blocked, id=9944, stack(0x000000cb28800000,0x000000cb28900000)]
  0x0000029ecea2d800 JavaThread "Sweeper thread" daemon [_thread_blocked, id=7956, stack(0x000000cb28900000,0x000000cb28a00000)]
  0x0000029eceb32000 JavaThread "Common-Cleaner" daemon [_thread_blocked, id=10356, stack(0x000000cb28b00000,0x000000cb28c00000)]
=>0x0000029ecf10d000 JavaThread "C2 CompilerThread1" daemon [_thread_in_native, id=12036, stack(0x000000cb28c00000,0x000000cb28d00000)]

Other Threads:
  0x0000029ece8aa000 VMThread "VM Thread" [stack: 0x000000cb28100000,0x000000cb28200000] [id=11324]
  0x0000029eceb2e000 WatcherThread [stack: 0x000000cb28a00000,0x000000cb28b00000] [id=528]
  0x0000029eb23bd000 GCTaskThread "GC Thread#0" [stack: 0x000000cb27c00000,0x000000cb27d00000] [id=11448]
  0x0000029ecf16e800 GCTaskThread "GC Thread#1" [stack: 0x000000cb28d00000,0x000000cb28e00000] [id=4756]
  0x0000029eb23c2000 ConcurrentGCThread "G1 Main Marker" [stack: 0x000000cb27d00000,0x000000cb27e00000] [id=5740]
  0x0000029eb23c3800 ConcurrentGCThread "G1 Conc#0" [stack: 0x000000cb27e00000,0x000000cb27f00000] [id=3436]
  0x0000029eb2419800 ConcurrentGCThread "G1 Refine#0" [stack: 0x000000cb27f00000,0x000000cb28000000] [id=9892]
  0x0000029eb241b000 ConcurrentGCThread "G1 Young RemSet Sampling" [stack: 0x000000cb28000000,0x000000cb28100000] [id=2148]

Threads with active compile tasks:
C1 CompilerThread0     1225  797       3       java.util.zip.ZipFile$ZipFileInputStream::initDataOffset (109 bytes)
C2 CompilerThread1     1225  683       4       java.util.HashSet::add (20 bytes)

VM state:not at safepoint (normal execution)

VM Mutex/Monitor currently owned by a thread: None

Heap address: 0x00000000fc000000, size: 64 MB, Compressed Oops mode: 32-bit
Narrow klass base: 0x0000000000000000, Narrow klass shift: 3
Compressed class space size: 1073741824 Address: 0x0000000100000000

Heap:
 garbage-first heap   total 65536K, used 13105K [0x00000000fc000000, 0x0000000100000000)
  region size 1024K, 9 young (9216K), 2 survivors (2048K)
 Metaspace       used 9509K, capacity 9770K, committed 9984K, reserved 1060864K
  class space    used 917K, capacity 1000K, committed 1024K, reserved 1048576K
Heap Regions: E=young(eden), S=young(survivor), O=old, HS=humongous(starts), HC=humongous(continues), CS=collection set, F=free, A=archive, TAMS=top-at-mark-start (previous, next)
|   0|0x00000000fc000000, 0x00000000fc100000, 0x00000000fc100000|100%|HS|  |TAMS 0x00000000fc000000, 0x00000000fc000000| Complete 
|   1|0x00000000fc100000, 0x00000000fc200000, 0x00000000fc200000|100%|HC|  |TAMS 0x00000000fc100000, 0x00000000fc100000| Complete 
|   2|0x00000000fc200000, 0x00000000fc300000, 0x00000000fc300000|100%|HC|  |TAMS 0x00000000fc200000, 0x00000000fc200000| Complete 
|   3|0x00000000fc300000, 0x00000000fc400000, 0x00000000fc400000|100%| O|  |TAMS 0x00000000fc300000, 0x00000000fc300000| Untracked 
|   4|0x00000000fc400000, 0x00000000fc4cc600, 0x00000000fc500000| 79%| O|  |TAMS 0x00000000fc400000, 0x00000000fc400000| Untracked 
|   5|0x00000000fc500000, 0x00000000fc500000, 0x00000000fc600000|  0%| F|  |TAMS 0x00000000fc500000, 0x00000000fc500000| Untracked 
|   6|0x00000000fc600000, 0x00000000fc600000, 0x00000000fc700000|  0%| F|  |TAMS 0x00000000fc600000, 0x00000000fc600000| Untracked 
|   7|0x00000000fc700000, 0x00000000fc700000, 0x00000000fc800000|  0%| F|  |TAMS 0x00000000fc700000, 0x00000000fc700000| Untracked 
|   8|0x00000000fc800000, 0x00000000fc800000, 0x00000000fc900000|  0%| F|  |TAMS 0x00000000fc800000, 0x00000000fc800000| Untracked 
|   9|0x00000000fc900000, 0x00000000fc900000, 0x00000000fca00000|  0%| F|  |TAMS 0x00000000fc900000, 0x00000000fc900000| Untracked 
|  10|0x00000000fca00000, 0x00000000fca00000, 0x00000000fcb00000|  0%| F|  |TAMS 0x00000000fca00000, 0x00000000fca00000| Untracked 
|  11|0x00000000fcb00000, 0x00000000fcb00000, 0x00000000fcc00000|  0%| F|  |TAMS 0x00000000fcb00000, 0x00000000fcb00000| Untracked 
|  12|0x00000000fcc00000, 0x00000000fcc00000, 0x00000000fcd00000|  0%| F|  |TAMS 0x00000000fcc00000, 0x00000000fcc00000| Untracked 
|  13|0x00000000fcd00000, 0x00000000fcd00000, 0x00000000fce00000|  0%| F|  |TAMS 0x00000000fcd00000, 0x00000000fcd00000| Untracked 
|  14|0x00000000fce00000, 0x00000000fce00000, 0x00000000fcf00000|  0%| F|  |TAMS 0x00000000fce00000, 0x00000000fce00000| Untracked 
|  15|0x00000000fcf00000, 0x00000000fcf00000, 0x00000000fd000000|  0%| F|  |TAMS 0x00000000fcf00000, 0x00000000fcf00000| Untracked 
|  16|0x00000000fd000000, 0x00000000fd000000, 0x00000000fd100000|  0%| F|  |TAMS 0x00000000fd000000, 0x00000000fd000000| Untracked 
|  17|0x00000000fd100000, 0x00000000fd100000, 0x00000000fd200000|  0%| F|  |TAMS 0x00000000fd100000, 0x00000000fd100000| Untracked 
|  18|0x00000000fd200000, 0x00000000fd200000, 0x00000000fd300000|  0%| F|  |TAMS 0x00000000fd200000, 0x00000000fd200000| Untracked 
|  19|0x00000000fd300000, 0x00000000fd300000, 0x00000000fd400000|  0%| F|  |TAMS 0x00000000fd300000, 0x00000000fd300000| Untracked 
|  20|0x00000000fd400000, 0x00000000fd400000, 0x00000000fd500000|  0%| F|  |TAMS 0x00000000fd400000, 0x00000000fd400000| Untracked 
|  21|0x00000000fd500000, 0x00000000fd500000, 0x00000000fd600000|  0%| F|  |TAMS 0x00000000fd500000, 0x00000000fd500000| Untracked 
|  22|0x00000000fd600000, 0x00000000fd600000, 0x00000000fd700000|  0%| F|  |TAMS 0x00000000fd600000, 0x00000000fd600000| Untracked 
|  23|0x00000000fd700000, 0x00000000fd700000, 0x00000000fd800000|  0%| F|  |TAMS 0x00000000fd700000, 0x00000000fd700000| Untracked 
|  24|0x00000000fd800000, 0x00000000fd800000, 0x00000000fd900000|  0%| F|  |TAMS 0x00000000fd800000, 0x00000000fd800000| Untracked 
|  25|0x00000000fd900000, 0x00000000fd900000, 0x00000000fda00000|  0%| F|  |TAMS 0x00000000fd900000, 0x00000000fd900000| Untracked 
|  26|0x00000000fda00000, 0x00000000fda00000, 0x00000000fdb00000|  0%| F|  |TAMS 0x00000000fda00000, 0x00000000fda00000| Untracked 
|  27|0x00000000fdb00000, 0x00000000fdb00000, 0x00000000fdc00000|  0%| F|  |TAMS 0x00000000fdb00000, 0x00000000fdb00000| Untracked 
|  28|0x00000000fdc00000, 0x00000000fdc00000, 0x00000000fdd00000|  0%| F|  |TAMS 0x00000000fdc00000, 0x00000000fdc00000| Untracked 
|  29|0x00000000fdd00000, 0x00000000fdd00000, 0x00000000fde00000|  0%| F|  |TAMS 0x00000000fdd00000, 0x00000000fdd00000| Untracked 
|  30|0x00000000fde00000, 0x00000000fde00000, 0x00000000fdf00000|  0%| F|  |TAMS 0x00000000fde00000, 0x00000000fde00000| Untracked 
|  31|0x00000000fdf00000, 0x00000000fdf00000, 0x00000000fe000000|  0%| F|  |TAMS 0x00000000fdf00000, 0x00000000fdf00000| Untracked 
|  32|0x00000000fe000000, 0x00000000fe000000, 0x00000000fe100000|  0%| F|  |TAMS 0x00000000fe000000, 0x00000000fe000000| Untracked 
|  33|0x00000000fe100000, 0x00000000fe100000, 0x00000000fe200000|  0%| F|  |TAMS 0x00000000fe100000, 0x00000000fe100000| Untracked 
|  34|0x00000000fe200000, 0x00000000fe200000, 0x00000000fe300000|  0%| F|  |TAMS 0x00000000fe200000, 0x00000000fe200000| Untracked 
|  35|0x00000000fe300000, 0x00000000fe300000, 0x00000000fe400000|  0%| F|  |TAMS 0x00000000fe300000, 0x00000000fe300000| Untracked 
|  36|0x00000000fe400000, 0x00000000fe400000, 0x00000000fe500000|  0%| F|  |TAMS 0x00000000fe400000, 0x00000000fe400000| Untracked 
|  37|0x00000000fe500000, 0x00000000fe500000, 0x00000000fe600000|  0%| F|  |TAMS 0x00000000fe500000, 0x00000000fe500000| Untracked 
|  38|0x00000000fe600000, 0x00000000fe600000, 0x00000000fe700000|  0%| F|  |TAMS 0x00000000fe600000, 0x00000000fe600000| Untracked 
|  39|0x00000000fe700000, 0x00000000fe700000, 0x00000000fe800000|  0%| F|  |TAMS 0x00000000fe700000, 0x00000000fe700000| Untracked 
|  40|0x00000000fe800000, 0x00000000fe800000, 0x00000000fe900000|  0%| F|  |TAMS 0x00000000fe800000, 0x00000000fe800000| Untracked 
|  41|0x00000000fe900000, 0x00000000fe900000, 0x00000000fea00000|  0%| F|  |TAMS 0x00000000fe900000, 0x00000000fe900000| Untracked 
|  42|0x00000000fea00000, 0x00000000fea00000, 0x00000000feb00000|  0%| F|  |TAMS 0x00000000fea00000, 0x00000000fea00000| Untracked 
|  43|0x00000000feb00000, 0x00000000feb00000, 0x00000000fec00000|  0%| F|  |TAMS 0x00000000feb00000, 0x00000000feb00000| Untracked 
|  44|0x00000000fec00000, 0x00000000fec00000, 0x00000000fed00000|  0%| F|  |TAMS 0x00000000fec00000, 0x00000000fec00000| Untracked 
|  45|0x00000000fed00000, 0x00000000fed00000, 0x00000000fee00000|  0%| F|  |TAMS 0x00000000fed00000, 0x00000000fed00000| Untracked 
|  46|0x00000000fee00000, 0x00000000fee00000, 0x00000000fef00000|  0%| F|  |TAMS 0x00000000fee00000, 0x00000000fee00000| Untracked 
|  47|0x00000000fef00000, 0x00000000fef00000, 0x00000000ff000000|  0%| F|  |TAMS 0x00000000fef00000, 0x00000000fef00000| Untracked 
|  48|0x00000000ff000000, 0x00000000ff100000, 0x00000000ff100000|100%| S|CS|TAMS 0x00000000ff000000, 0x00000000ff000000| Complete 
|  49|0x00000000ff100000, 0x00000000ff200000, 0x00000000ff200000|100%| S|CS|TAMS 0x00000000ff100000, 0x00000000ff100000| Complete 
|  50|0x00000000ff200000, 0x00000000ff200000, 0x00000000ff300000|  0%| F|  |TAMS 0x00000000ff200000, 0x00000000ff200000| Untracked 
|  51|0x00000000ff300000, 0x00000000ff300000, 0x00000000ff400000|  0%| F|  |TAMS 0x00000000ff300000, 0x00000000ff300000| Untracked 
|  52|0x00000000ff400000, 0x00000000ff400000, 0x00000000ff500000|  0%| F|  |TAMS 0x00000000ff400000, 0x00000000ff400000| Untracked 
|  53|0x00000000ff500000, 0x00000000ff500000, 0x00000000ff600000|  0%| F|  |TAMS 0x00000000ff500000, 0x00000000ff500000| Untracked 
|  54|0x00000000ff600000, 0x00000000ff600000, 0x00000000ff700000|  0%| F|  |TAMS 0x00000000ff600000, 0x00000000ff600000| Untracked 
|  55|0x00000000ff700000, 0x00000000ff700000, 0x00000000ff800000|  0%| F|  |TAMS 0x00000000ff700000, 0x00000000ff700000| Untracked 
|  56|0x00000000ff800000, 0x00000000ff800000, 0x00000000ff900000|  0%| F|  |TAMS 0x00000000ff800000, 0x00000000ff800000| Untracked 
|  57|0x00000000ff900000, 0x00000000ff980800, 0x00000000ffa00000| 50%| E|  |TAMS 0x00000000ff900000, 0x00000000ff900000| Complete 
|  58|0x00000000ffa00000, 0x00000000ffb00000, 0x00000000ffb00000|100%| E|CS|TAMS 0x00000000ffa00000, 0x00000000ffa00000| Complete 
|  59|0x00000000ffb00000, 0x00000000ffc00000, 0x00000000ffc00000|100%| E|CS|TAMS 0x00000000ffb00000, 0x00000000ffb00000| Complete 
|  60|0x00000000ffc00000, 0x00000000ffd00000, 0x00000000ffd00000|100%| E|CS|TAMS 0x00000000ffc00000, 0x00000000ffc00000| Complete 
|  61|0x00000000ffd00000, 0x00000000ffe00000, 0x00000000ffe00000|100%| E|CS|TAMS 0x00000000ffd00000, 0x00000000ffd00000| Complete 
|  62|0x00000000ffe00000, 0x00000000fff00000, 0x00000000fff00000|100%| E|CS|TAMS 0x00000000ffe00000, 0x00000000ffe00000| Complete 
|  63|0x00000000fff00000, 0x0000000100000000, 0x0000000100000000|100%| E|CS|TAMS 0x00000000fff00000, 0x00000000fff00000| Complete 

Card table byte_map: [0x0000029eb24a0000,0x0000029eb24c0000] _byte_map_base: 0x0000029eb1cc0000

Marking Bits (Prev, Next): (CMBitMap*) 0x0000029eb23c1228, (CMBitMap*) 0x0000029eb23c1260
 Prev Bits: [0x0000029ecb930000, 0x0000029ecba30000)
 Next Bits: [0x0000029ecba30000, 0x0000029ecbb30000)

Polling page: 0x0000029eb2170000

Metaspace:

Usage:
  Non-class:      8.56 MB capacity,     8.40 MB ( 98%) used,   155.10 KB (  2%) free+waste,     9.63 KB ( <1%) overhead. 
      Class:   1000.00 KB capacity,   922.73 KB ( 92%) used,    72.64 KB (  7%) free+waste,     4.63 KB ( <1%) overhead. 
       Both:      9.54 MB capacity,     9.30 MB ( 98%) used,   227.74 KB (  2%) free+waste,    14.25 KB ( <1%) overhead. 

Virtual space:
  Non-class space:       12.00 MB reserved,       8.75 MB ( 73%) committed 
      Class space:        1.00 GB reserved,       1.00 MB ( <1%) committed 
             Both:        1.01 GB reserved,       9.75 MB ( <1%) committed 

Chunk freelists:
   Non-Class:  62.00 KB
       Class:  24.00 KB
        Both:  86.00 KB

MaxMetaspaceSize: 17179869184.00 GB
CompressedClassSpaceSize: 1.00 GB
Initial GC threshold: 20.80 MB
Current GC threshold: 20.80 MB
CDS: off

CodeHeap 'non-profiled nmethods': size=120064Kb used=269Kb max_used=269Kb free=119795Kb
 bounds [0x0000029ec3db0000, 0x0000029ec4020000, 0x0000029ecb2f0000]
CodeHeap 'profiled nmethods': size=120000Kb used=1502Kb max_used=1502Kb free=118497Kb
 bounds [0x0000029ebc880000, 0x0000029ebcaf0000, 0x0000029ec3db0000]
CodeHeap 'non-nmethods': size=5696Kb used=1117Kb max_used=1134Kb free=4578Kb
 bounds [0x0000029ebc2f0000, 0x0000029ebc560000, 0x0000029ebc880000]
 total_blobs=1164 nmethods=798 adapters=279
 compilation: enabled
              stopped_count=0, restarted_count=0
 full_count=0

Compilation events (20 events):
Event: 1.126 Thread 0x0000029ece948000  696       3       sun.invoke.util.Wrapper::forPrimitiveType (49 bytes)
Event: 1.127 Thread 0x0000029ece948000 nmethod 696 0x0000029ebc9bcd90 code [0x0000029ebc9bd120, 0x0000029ebc9be648]
Event: 1.127 Thread 0x0000029ece948000  697       3       java.lang.Object::equals (11 bytes)
Event: 1.128 Thread 0x0000029ece948000 nmethod 697 0x0000029ebc9bee10 code [0x0000029ebc9befc0, 0x0000029ebc9bf118]
Event: 1.128 Thread 0x0000029ece948000  698       1       java.lang.invoke.MethodHandle::type (5 bytes)
Event: 1.128 Thread 0x0000029ece948000 nmethod 698 0x0000029ec3deae90 code [0x0000029ec3deb040, 0x0000029ec3deb0f8]
Event: 1.129 Thread 0x0000029ece948000  701       3       java.lang.invoke.LambdaForm$BasicType::basicType (19 bytes)
Event: 1.131 Thread 0x0000029ece948000 nmethod 701 0x0000029ebc9bf190 code [0x0000029ebc9bf360, 0x0000029ebc9bf598]
Event: 1.131 Thread 0x0000029ece948000  702       3       java.lang.invoke.MethodType::equals (29 bytes)
Event: 1.132 Thread 0x0000029ece948000 nmethod 702 0x0000029ebc9bf710 code [0x0000029ebc9bf900, 0x0000029ebc9bfdc8]
Event: 1.136 Thread 0x0000029ece948000  704       3       java.lang.invoke.MethodType::checkPtypes (61 bytes)
Event: 1.136 Thread 0x0000029ece948000 nmethod 704 0x0000029ebc9bff10 code [0x0000029ebc9c01a0, 0x0000029ebc9c0b48]
Event: 1.136 Thread 0x0000029ece948000  706       3       java.lang.invoke.LambdaForm$Name::initIndex (26 bytes)
Event: 1.136 Thread 0x0000029ece948000 nmethod 706 0x0000029ebc9c0f90 code [0x0000029ebc9c1140, 0x0000029ebc9c12d8]
Event: 1.137 Thread 0x0000029ece948000  709       3       java.lang.invoke.MethodType$ConcurrentWeakInternSet$WeakEntry::equals (49 bytes)
Event: 1.137 Thread 0x0000029ece948000 nmethod 709 0x0000029ebc9c1390 code [0x0000029ebc9c1580, 0x0000029ebc9c1bc8]
Event: 1.137 Thread 0x0000029ece948000  711       3       java.util.Arrays::copyOf (10 bytes)
Event: 1.137 Thread 0x0000029ece948000 nmethod 711 0x0000029ebc9c1d10 code [0x0000029ebc9c1ec0, 0x0000029ebc9c1fe8]
Event: 1.138 Thread 0x0000029ece948000  712       3       java.lang.invoke.MemberName::isStatic (8 bytes)
Event: 1.138 Thread 0x0000029ece948000 nmethod 712 0x0000029ebc9c2090 code [0x0000029ebc9c2240, 0x0000029ebc9c23f8]

GC Heap History (2 events):
Event: 0.996 GC heap before
{Heap before GC invocations=0 (full 0):
 garbage-first heap   total 65536K, used 16384K [0x00000000fc000000, 0x0000000100000000)
  region size 1024K, 14 young (14336K), 0 survivors (0K)
 Metaspace       used 7834K, capacity 8017K, committed 8192K, reserved 1056768K
  class space    used 687K, capacity 754K, committed 768K, reserved 1048576K
}
Event: 1.005 GC heap after
{Heap after GC invocations=1 (full 0):
 garbage-first heap   total 65536K, used 3889K [0x00000000fc000000, 0x0000000100000000)
  region size 1024K, 2 young (2048K), 2 survivors (2048K)
 Metaspace       used 7834K, capacity 8017K, committed 8192K, reserved 1056768K
  class space    used 687K, capacity 754K, committed 768K, reserved 1048576K
}

Deoptimization events (20 events):
Event: 1.018 Thread 0x0000029eb23a5000 DEOPT PACKING pc=0x0000029ebc8c6fe8 sp=0x000000cb27bf75b0
Event: 1.018 Thread 0x0000029eb23a5000 DEOPT UNPACKING pc=0x0000029ebc33a95e sp=0x000000cb27bf6a80 mode 0
Event: 1.038 Thread 0x0000029eb23a5000 DEOPT PACKING pc=0x0000029ebc8c99d0 sp=0x000000cb27bfaac0
Event: 1.038 Thread 0x0000029eb23a5000 DEOPT UNPACKING pc=0x0000029ebc33a95e sp=0x000000cb27bf9f48 mode 0
Event: 1.079 Thread 0x0000029eb23a5000 Uncommon trap: trap_request=0xffffffc6 fr.pc=0x0000029ec3de2ad8 relative=0x00000000000011b8
Event: 1.079 Thread 0x0000029eb23a5000 Uncommon trap: reason=bimorphic_or_optimized_type_check action=maybe_recompile pc=0x0000029ec3de2ad8 method=java.util.HashMap.putVal(ILjava/lang/Object;Ljava/lang/Object;ZZ)Ljava/lang/Object; @ 91 c2
Event: 1.079 Thread 0x0000029eb23a5000 DEOPT PACKING pc=0x0000029ec3de2ad8 sp=0x000000cb27bfb6f0
Event: 1.079 Thread 0x0000029eb23a5000 DEOPT UNPACKING pc=0x0000029ebc33a1af sp=0x000000cb27bfb690 mode 2
Event: 1.079 Thread 0x0000029eb23a5000 Uncommon trap: trap_request=0xffffffc6 fr.pc=0x0000029ec3de2ad8 relative=0x00000000000011b8
Event: 1.079 Thread 0x0000029eb23a5000 Uncommon trap: reason=bimorphic_or_optimized_type_check action=maybe_recompile pc=0x0000029ec3de2ad8 method=java.util.HashMap.putVal(ILjava/lang/Object;Ljava/lang/Object;ZZ)Ljava/lang/Object; @ 91 c2
Event: 1.079 Thread 0x0000029eb23a5000 DEOPT PACKING pc=0x0000029ec3de2ad8 sp=0x000000cb27bfb750
Event: 1.079 Thread 0x0000029eb23a5000 DEOPT UNPACKING pc=0x0000029ebc33a1af sp=0x000000cb27bfb6f0 mode 2
Event: 1.079 Thread 0x0000029eb23a5000 Uncommon trap: trap_request=0xffffffc6 fr.pc=0x0000029ec3de2ad8 relative=0x00000000000011b8
Event: 1.079 Thread 0x0000029eb23a5000 Uncommon trap: reason=bimorphic_or_optimized_type_check action=maybe_recompile pc=0x0000029ec3de2ad8 method=java.util.HashMap.putVal(ILjava/lang/Object;Ljava/lang/Object;ZZ)Ljava/lang/Object; @ 91 c2
Event: 1.079 Thread 0x0000029eb23a5000 DEOPT PACKING pc=0x0000029ec3de2ad8 sp=0x000000cb27bfb6e0
Event: 1.079 Thread 0x0000029eb23a5000 DEOPT UNPACKING pc=0x0000029ebc33a1af sp=0x000000cb27bfb680 mode 2
Event: 1.079 Thread 0x0000029eb23a5000 Uncommon trap: trap_request=0xffffffc6 fr.pc=0x0000029ec3de2ad8 relative=0x00000000000011b8
Event: 1.079 Thread 0x0000029eb23a5000 Uncommon trap: reason=bimorphic_or_optimized_type_check action=maybe_recompile pc=0x0000029ec3de2ad8 method=java.util.HashMap.putVal(ILjava/lang/Object;Ljava/lang/Object;ZZ)Ljava/lang/Object; @ 91 c2
Event: 1.079 Thread 0x0000029eb23a5000 DEOPT PACKING pc=0x0000029ec3de2ad8 sp=0x000000cb27bfb710
Event: 1.079 Thread 0x0000029eb23a5000 DEOPT UNPACKING pc=0x0000029ebc33a1af sp=0x000000cb27bfb6b0 mode 2

Classes redefined (0 events):
No events

Internal exceptions (3 events):
Event: 0.431 Thread 0x0000029eb23a5000 Exception <a 'java/lang/NoSuchMethodError'{0x00000000ffc81968}: 'int java.lang.invoke.DirectMethodHandle$Holder.invokeStaticInit(java.lang.Object, java.lang.Object)'> (0x00000000ffc81968) thrown at [./src/hotspot/share/interpreter/linkResolver.cpp, line 773]
Event: 0.500 Thread 0x0000029eb23a5000 Exception <a 'java/lang/NoSuchMethodError'{0x00000000ffb4a230}: 'int java.lang.invoke.DirectMethodHandle$Holder.invokeSpecial(java.lang.Object, java.lang.Object, java.lang.Object, java.lang.Object)'> (0x00000000ffb4a230) thrown at [./src/hotspot/share/interpreter/linkResolver.cpp, line 773]
Event: 0.505 Thread 0x0000029eb23a5000 Exception <a 'java/lang/NoSuchMethodError'{0x00000000ffb80f38}: 'int java.lang.invoke.DirectMethodHandle$Holder.invokeSpecialIFC(java.lang.Object, java.lang.Object, int)'> (0x00000000ffb80f38) thrown at [./src/hotspot/share/interpreter/linkResolver.cpp, line 773]

Events (20 events):
Event: 1.126 loading class java/lang/invoke/StringConcatFactory$Stringifiers
Event: 1.126 loading class java/lang/invoke/StringConcatFactory$Stringifiers done
Event: 1.126 loading class java/lang/invoke/StringConcatFactory$Stringifiers$StringifierMost
Event: 1.126 loading class java/lang/ClassValue
Event: 1.126 loading class java/lang/ClassValue done
Event: 1.126 loading class java/lang/invoke/StringConcatFactory$Stringifiers$StringifierMost done
Event: 1.126 loading class java/lang/ClassValue$Entry
Event: 1.126 loading class java/lang/ClassValue$Entry done
Event: 1.127 loading class java/lang/ClassValue$Identity
Event: 1.127 loading class java/lang/ClassValue$Identity done
Event: 1.127 loading class java/lang/ClassValue$Version
Event: 1.127 loading class java/lang/ClassValue$Version done
Event: 1.127 loading class java/lang/invoke/StringConcatFactory$Stringifiers$StringifierAny
Event: 1.127 loading class java/lang/invoke/StringConcatFactory$Stringifiers$StringifierAny done
Event: 1.127 loading class java/lang/ClassValue$ClassValueMap
Event: 1.127 loading class java/lang/ClassValue$ClassValueMap done
Event: 1.127 Executing VM operation: Deoptimize
Event: 1.127 Executing VM operation: Deoptimize done
Event: 1.136 loading class java/lang/invoke/BoundMethodHandle$Species_LL
Event: 1.136 loading class java/lang/invoke/BoundMethodHandle$Species_LL done


Dynamic libraries:
0x00007ff687d70000 - 0x00007ff687d7d000 	C:\Program Files\Eclipse Adoptium\jdk-11.0.15.10-hotspot\bin\java.exe
0x00007ffe0e910000 - 0x00007ffe0eb05000 	C:\Windows\SYSTEM32\ntdll.dll
0x00007ffe0cd40000 - 0x00007ffe0cdfd000 	C:\Windows\System32\KERNEL32.DLL
0x00007ffe0c490000 - 0x00007ffe0c759000 	C:\Windows\System32\KERNELBASE.dll
0x00007ffe0c280000 - 0x00007ffe0c380000 	C:\Windows\System32\ucrtbase.dll
0x00007ffde4f30000 - 0x00007ffde4f47000 	C:\Program Files\Eclipse Adoptium\jdk-11.0.15.10-hotspot\bin\jli.dll
0x00007ffe0db20000 - 0x00007ffe0dcc0000 	C:\Windows\System32\USER32.dll
0x00007ffe0c7f0000 - 0x00007ffe0c812000 	C:\Windows\System32\win32u.dll
0x00007ffe0cf20000 - 0x00007ffe0cf4a000 	C:\Windows\System32\GDI32.dll
0x00007ffe0c380000 - 0x00007ffe0c48b000 	C:\Windows\System32\gdi32full.dll
0x00007ffe0c1e0000 - 0x00007ffe0c27d000 	C:\Windows\System32\msvcp_win.dll
0x00007ffde4f10000 - 0x00007ffde4f25000 	C:\Program Files\Eclipse Adoptium\jdk-11.0.15.10-hotspot\bin\VCRUNTIME140.dll
0x00007ffdfa700000 - 0x00007ffdfa99a000 	C:\Windows\WinSxS\amd64_microsoft.windows.common-controls_6595b64144ccf1df_6.0.19041.1110_none_60b5254171f9507e\COMCTL32.dll
0x00007ffe0e5b0000 - 0x00007ffe0e64e000 	C:\Windows\System32\msvcrt.dll
0x00007ffe0cd10000 - 0x00007ffe0cd40000 	C:\Windows\System32\IMM32.DLL
0x00007ffdd74e0000 - 0x00007ffdd757b000 	C:\Program Files\Eclipse Adoptium\jdk-11.0.15.10-hotspot\bin\msvcp140.dll
0x00007ffdd6950000 - 0x00007ffdd74d1000 	C:\Program Files\Eclipse Adoptium\jdk-11.0.15.10-hotspot\bin\server\jvm.dll
0x00007ffe0de30000 - 0x00007ffe0dedc000 	C:\Windows\System32\ADVAPI32.dll
0x00007ffe0dd90000 - 0x00007ffe0de2b000 	C:\Windows\System32\sechost.dll
0x00007ffe0c980000 - 0x00007ffe0caaa000 	C:\Windows\System32\RPCRT4.dll
0x00007ffe0dee0000 - 0x00007ffe0dee8000 	C:\Windows\System32\PSAPI.DLL
0x00007ffe09910000 - 0x00007ffe09919000 	C:\Windows\SYSTEM32\WSOCK32.dll
0x00007ffe0e730000 - 0x00007ffe0e79b000 	C:\Windows\System32\WS2_32.dll
0x00007ffdf82c0000 - 0x00007ffdf82e7000 	C:\Windows\SYSTEM32\WINMM.dll
0x00007ffdfccf0000 - 0x00007ffdfccfa000 	C:\Windows\SYSTEM32\VERSION.dll
0x00007ffe09fa0000 - 0x00007ffe09fb2000 	C:\Windows\SYSTEM32\kernel.appcore.dll
0x00007ffdebc40000 - 0x00007ffdebc50000 	C:\Program Files\Eclipse Adoptium\jdk-11.0.15.10-hotspot\bin\verify.dll
0x00007ffdf96b0000 - 0x00007ffdf9894000 	C:\Windows\SYSTEM32\DBGHELP.DLL
0x00007ffdf9290000 - 0x00007ffdf92bc000 	C:\Windows\SYSTEM32\dbgcore.DLL
0x00007ffe0c760000 - 0x00007ffe0c7e3000 	C:\Windows\System32\bcryptPrimitives.dll
0x00007ffddafe0000 - 0x00007ffddb008000 	C:\Program Files\Eclipse Adoptium\jdk-11.0.15.10-hotspot\bin\java.dll
0x00007ffdeb410000 - 0x00007ffdeb41a000 	C:\Program Files\Eclipse Adoptium\jdk-11.0.15.10-hotspot\bin\jimage.dll
0x00007ffddafc0000 - 0x00007ffddafd8000 	C:\Program Files\Eclipse Adoptium\jdk-11.0.15.10-hotspot\bin\zip.dll
0x00007ffe0d3e0000 - 0x00007ffe0db1f000 	C:\Windows\System32\SHELL32.dll
0x00007ffe0a1a0000 - 0x00007ffe0a931000 	C:\Windows\SYSTEM32\windows.storage.dll
0x00007ffe0d080000 - 0x00007ffe0d3d5000 	C:\Windows\System32\combase.dll
0x00007ffe0b9f0000 - 0x00007ffe0ba1c000 	C:\Windows\SYSTEM32\Wldp.dll
0x00007ffe0cc60000 - 0x00007ffe0cd0e000 	C:\Windows\System32\SHCORE.dll
0x00007ffe0e650000 - 0x00007ffe0e6a5000 	C:\Windows\System32\shlwapi.dll
0x00007ffe0bf90000 - 0x00007ffe0bfaf000 	C:\Windows\SYSTEM32\profapi.dll
0x00007ffdd7640000 - 0x00007ffdd7659000 	C:\Program Files\Eclipse Adoptium\jdk-11.0.15.10-hotspot\bin\net.dll
0x00007ffe06420000 - 0x00007ffe0652a000 	C:\Windows\SYSTEM32\WINHTTP.dll
0x00007ffe0b750000 - 0x00007ffe0b7ba000 	C:\Windows\system32\mswsock.dll
0x00007ffdd7620000 - 0x00007ffdd7633000 	C:\Program Files\Eclipse Adoptium\jdk-11.0.15.10-hotspot\bin\nio.dll

dbghelp: loaded successfully - version: 4.0.5 - missing functions: none
symbol engine: initialized successfully - sym options: 0x614 - pdb path: .;C:\Program Files\Eclipse Adoptium\jdk-11.0.15.10-hotspot\bin;C:\Windows\SYSTEM32;C:\Windows\WinSxS\amd64_microsoft.windows.common-controls_6595b64144ccf1df_6.0.19041.1110_none_60b5254171f9507e;C:\Program Files\Eclipse Adoptium\jdk-11.0.15.10-hotspot\bin\server

VM Arguments:
jvm_args: -Xmx64m -Xms64m -Dorg.gradle.appname=gradlew 
java_command: org.gradle.wrapper.GradleWrapperMain app:installDebug -PreactNativeDevServerPort=8081
java_class_path (initial): G:\app\mstore-pro-4.7.0\mstore-pro\android\\gradle\wrapper\gradle-wrapper.jar
Launcher Type: SUN_STANDARD

[Global flags]
     intx CICompilerCount                          = 3                                         {product} {ergonomic}
     uint ConcGCThreads                            = 1                                         {product} {ergonomic}
     uint G1ConcRefinementThreads                  = 4                                         {product} {ergonomic}
   size_t G1HeapRegionSize                         = 1048576                                   {product} {ergonomic}
    uintx GCDrainStackTargetSize                   = 64                                        {product} {ergonomic}
   size_t InitialHeapSize                          = 67108864                                  {product} {command line}
   size_t MarkStackSize                            = 4194304                                   {product} {ergonomic}
   size_t MaxHeapSize                              = 67108864                                  {product} {command line}
   size_t MaxNewSize                               = 39845888                                  {product} {ergonomic}
   size_t MinHeapDeltaBytes                        = 1048576                                   {product} {ergonomic}
    uintx NonNMethodCodeHeapSize                   = 5830732                                {pd product} {ergonomic}
    uintx NonProfiledCodeHeapSize                  = 122913754                              {pd product} {ergonomic}
    uintx ProfiledCodeHeapSize                     = 122913754                              {pd product} {ergonomic}
    uintx ReservedCodeCacheSize                    = 251658240                              {pd product} {ergonomic}
     bool SegmentedCodeCache                       = true                                      {product} {ergonomic}
     bool UseCompressedClassPointers               = true                                 {lp64_product} {ergonomic}
     bool UseCompressedOops                        = true                                 {lp64_product} {ergonomic}
     bool UseG1GC                                  = true                                      {product} {ergonomic}
     bool UseLargePagesIndividualAllocation        = false                                  {pd product} {ergonomic}

Logging:
Log output configuration:
 #0: stdout all=warning uptime,level,tags
 #1: stderr all=off uptime,level,tags

Environment Variables:
CLASSPATH=G:\app\mstore-pro-4.7.0\mstore-pro\android\\gradle\wrapper\gradle-wrapper.jar
PATH=G:\app\mstore-pro-4.7.0\mstore-pro\android\node_modules\.bin;G:\app\mstore-pro-4.7.0\mstore-pro\node_modules\.bin;G:\app\mstore-pro-4.7.0\node_modules\.bin;G:\app\node_modules\.bin;G:\node_modules\.bin;C:\Program Files\nodejs;C:\Users\ADMINI~1\AppData\Local\Temp\yarn--1654660153129-0.6358928752891571;G:\app\mstore-pro-4.7.0\mstore-pro\node_modules\.bin;C:\Users\Administrator\AppData\Local\Yarn\Data\link\node_modules\.bin;C:\Users\Administrator\AppData\Local\Yarn\bin;C:\Program Files\libexec\lib\node_modules\npm\bin\node-gyp-bin;C:\Program Files\lib\node_modules\npm\bin\node-gyp-bin;C:\Program Files\nodejs\node_modules\npm\bin\node-gyp-bin;C:\Program Files\Eclipse Adoptium\jdk-11.0.15.10-hotspot\bin;C:\Windows\system32;C:\Windows;C:\Windows\System32\Wbem;C:\Windows\System32\WindowsPowerShell\v1.0\;C:\Windows\System32\OpenSSH\;C:\Users\Administrator\AppData\Roaming\nvm;C:\Program Files\nodejs;C:\Program Files\Git\cmd;C:\Users\Administrator\AppData\Local\Microsoft\WindowsApps;D:\Program Files (x86)\Microsoft VS Code\bin;C:\Users\Administrator\AppData\Roaming\nvm;C:\Program Files\nodejs;D:\AndroidSdk\platform-tools;D:\AndroidSdk\emulator;D:\AndroidSdk\tools;D:\AndroidSdk\tools\bin;C:\Program Files\OpenSSL-Win64\bin;
USERNAME=Administrator
OS=Windows_NT
PROCESSOR_IDENTIFIER=Intel64 Family 6 Model 60 Stepping 3, GenuineIntel



---------------  S Y S T E M  ---------------

OS: Windows 10 , 64 bit Build 19041 (10.0.19041.1023)
OS uptime: 0 days 2:48 hours

CPU:total 4 (initial active 4) (4 cores per cpu, 1 threads per core) family 6 model 60 stepping 3 microcode 0x27, cmov, cx8, fxsr, mmx, sse, sse2, sse3, ssse3, sse4.1, sse4.2, popcnt, avx, avx2, aes, clmul, erms, lzcnt, tsc, tscinvbit, bmi1, bmi2, fma

Memory: 4k page, system-wide physical 7987M (1418M free)
TotalPageFile size 25671M (AvailPageFile size 2M)
current process WorkingSet (physical memory assigned to process): 67M, peak: 67M
current process commit charge ("private bytes"): 146M, peak: 146M

vm_info: OpenJDK 64-Bit Server VM (11.0.15+10) for windows-amd64 JRE (11.0.15+10), built on Apr 19 2022 22:29:44 by "" with unknown MS VC++:1916

END.
